<?xml version="1.0" encoding="UTF-8"?>
<testng-results skipped="0" failed="0" ignored="0" total="1" passed="1">
  <reporter-output>
  </reporter-output>
  <suite name="Test_Suite" duration-ms="10821" started-at="2018-02-25T15:00:02Z" finished-at="2018-02-25T15:00:13Z">
    <groups>
    </groups>
    <test name="1_Test" duration-ms="10821" started-at="2018-02-25T15:00:02Z" finished-at="2018-02-25T15:00:13Z">
      <class name="com.pac.fortest.Selenium_Automation">
        <test-method status="PASS" signature="main()[pri:0, instance:com.pac.fortest.Selenium_Automation@646d64ab]" name="main" duration-ms="10802" started-at="2018-02-25T15:00:02Z" finished-at="2018-02-25T15:00:13Z">
          <reporter-output>
          </reporter-output>
        </test-method> <!-- main -->
      </class> <!-- com.pac.fortest.Selenium_Automation -->
    </test> <!-- 1_Test -->
  </suite> <!-- Test_Suite -->
</testng-results>
